Determining if the pthread_create exist failed with the following output:
Change Dir: /home/laboinmastudent/Bureau/Drone_thesis_2017/Code/build/CMakeFiles/CMakeTmp

Run Build Command:/usr/bin/make "cmTryCompileExec4019676108/fast"
/usr/bin/make -f CMakeFiles/cmTryCompileExec4019676108.dir/build.make CMakeFiles/cmTryCompileExec4019676108.dir/build
make[1]: entrant dans le répertoire « /home/laboinmastudent/Bureau/Drone_thesis_2017/Code/build/CMakeFiles/CMakeTmp »
/usr/bin/cmake -E cmake_progress_report /home/laboinmastudent/Bureau/Drone_thesis_2017/Code/build/CMakeFiles/CMakeTmp/CMakeFiles 1
Building C object CMakeFiles/cmTryCompileExec4019676108.dir/CheckSymbolExists.c.o
/usr/bin/cc    -o CMakeFiles/cmTryCompileExec4019676108.dir/CheckSymbolExists.c.o   -c /home/laboinmastudent/Bureau/Drone_thesis_2017/Code/build/CMakeFiles/CMakeTmp/CheckSymbolExists.c
Linking C executable cmTryCompileExec4019676108
/usr/bin/cmake -E cmake_link_script CMakeFiles/cmTryCompileExec4019676108.dir/link.txt --verbose=1
/usr/bin/cc       CMakeFiles/cmTryCompileExec4019676108.dir/CheckSymbolExists.c.o  -o cmTryCompileExec4019676108 -rdynamic 
CMakeFiles/cmTryCompileExec4019676108.dir/CheckSymbolExists.c.o : Dans la fonction « main » :
CheckSymbolExists.c:(.text+0x16) : référence indéfinie vers « pthread_create »
collect2: error: ld returned 1 exit status
make[1]: quittant le répertoire « /home/laboinmastudent/Bureau/Drone_thesis_2017/Code/build/CMakeFiles/CMakeTmp »
make[1]: *** [cmTryCompileExec4019676108] Erreur 1
make: *** [cmTryCompileExec4019676108/fast] Erreur 2

File /home/laboinmastudent/Bureau/Drone_thesis_2017/Code/build/CMakeFiles/CMakeTmp/CheckSymbolExists.c:
/* */
#include <pthread.h>

int main(int argc, char** argv)
{
  (void)argv;
#ifndef pthread_create
  return ((int*)(&pthread_create))[argc];
#else
  (void)argc;
  return 0;
#endif
}

Determining if the function pthread_create exists in the pthreads failed with the following output:
Change Dir: /home/laboinmastudent/Bureau/Drone_thesis_2017/Code/build/CMakeFiles/CMakeTmp

Run Build Command:/usr/bin/make "cmTryCompileExec4220207219/fast"
/usr/bin/make -f CMakeFiles/cmTryCompileExec4220207219.dir/build.make CMakeFiles/cmTryCompileExec4220207219.dir/build
make[1]: entrant dans le répertoire « /home/laboinmastudent/Bureau/Drone_thesis_2017/Code/build/CMakeFiles/CMakeTmp »
/usr/bin/cmake -E cmake_progress_report /home/laboinmastudent/Bureau/Drone_thesis_2017/Code/build/CMakeFiles/CMakeTmp/CMakeFiles 1
Building C object CMakeFiles/cmTryCompileExec4220207219.dir/CheckFunctionExists.c.o
/usr/bin/cc   -DCHECK_FUNCTION_EXISTS=pthread_create   -o CMakeFiles/cmTryCompileExec4220207219.dir/CheckFunctionExists.c.o   -c /usr/share/cmake-2.8/Modules/CheckFunctionExists.c
Linking C executable cmTryCompileExec4220207219
/usr/bin/cmake -E cmake_link_script CMakeFiles/cmTryCompileExec4220207219.dir/link.txt --verbose=1
/usr/bin/cc   -DCHECK_FUNCTION_EXISTS=pthread_create    CMakeFiles/cmTryCompileExec4220207219.dir/CheckFunctionExists.c.o  -o cmTryCompileExec4220207219 -rdynamic -lpthreads 
/usr/bin/ld : ne peut trouver -lpthreads
collect2: error: ld returned 1 exit status
make[1]: *** [cmTryCompileExec4220207219] Erreur 1
make[1]: quittant le répertoire « /home/laboinmastudent/Bureau/Drone_thesis_2017/Code/build/CMakeFiles/CMakeTmp »
make: *** [cmTryCompileExec4220207219/fast] Erreur 2


